app/build/intermediates/manifest_merge_blame_file/debug/processDebugMainManifest/manifest-merger-blame-debug-report.txt
1<?xml version="1.0" encoding="utf-8"?>
2<manifest xmlns:android="http://schemas.android.com/apk/res/android"
3    package="com.lyro.app"
4    android:versionCode="1"
5    android:versionName="1.0.0" >
6
7    <uses-sdk
8        android:minSdkVersion="24"
9        android:targetSdkVersion="34" />
10
11    <!-- Permissions for local media playback -->
12    <uses-permission android:name="android.permission.READ_MEDIA_AUDIO" />
12-->src\main\AndroidManifest.xml:6:5-75
12-->src\main\AndroidManifest.xml:6:22-72
13    <uses-permission
13-->src\main\AndroidManifest.xml:7:5-9:38
14        android:name="android.permission.READ_EXTERNAL_STORAGE"
14-->src\main\AndroidManifest.xml:8:9-64
15        android:maxSdkVersion="32" />
15-->src\main\AndroidManifest.xml:9:9-35
16
17    <!-- Permissions for foreground playback & notifications -->
18    <uses-permission android:name="android.permission.FOREGROUND_SERVICE" />
18-->src\main\AndroidManifest.xml:12:5-77
18-->src\main\AndroidManifest.xml:12:22-74
19    <uses-permission android:name="android.permission.FOREGROUND_SERVICE_MEDIA_PLAYBACK" />
19-->src\main\AndroidManifest.xml:13:5-92
19-->src\main\AndroidManifest.xml:13:22-89
20    <uses-permission android:name="android.permission.POST_NOTIFICATIONS" />
20-->src\main\AndroidManifest.xml:14:5-77
20-->src\main\AndroidManifest.xml:14:22-74
21    <uses-permission android:name="android.permission.WAKE_LOCK" />
21-->src\main\AndroidManifest.xml:15:5-68
21-->src\main\AndroidManifest.xml:15:22-65
22
23    <!-- Permissions for online streaming & network detection -->
24    <uses-permission android:name="android.permission.INTERNET" />
24-->src\main\AndroidManifest.xml:18:5-67
24-->src\main\AndroidManifest.xml:18:22-64
25    <uses-permission android:name="android.permission.ACCESS_NETWORK_STATE" />
25-->src\main\AndroidManifest.xml:19:5-79
25-->src\main\AndroidManifest.xml:19:22-76
26
27    <permission
27-->[androidx.core:core:1.13.1] AndroidManifest.xml:22:5-24:47
28        android:name="com.lyro.app.DYNAMIC_RECEIVER_NOT_EXPORTED_PERMISSION"
28-->[androidx.core:core:1.13.1] AndroidManifest.xml:23:9-81
29        android:protectionLevel="signature" />
29-->[androidx.core:core:1.13.1] AndroidManifest.xml:24:9-44
30
31    <uses-permission android:name="com.lyro.app.DYNAMIC_RECEIVER_NOT_EXPORTED_PERMISSION" />
31-->[androidx.core:core:1.13.1] AndroidManifest.xml:26:5-97
31-->[androidx.core:core:1.13.1] AndroidManifest.xml:26:22-94
32
33    <application
33-->src\main\AndroidManifest.xml:21:5-57:19
34        android:name="com.lyro.app.LyroApplication"
34-->src\main\AndroidManifest.xml:22:9-40
35        android:allowBackup="true"
35-->src\main\AndroidManifest.xml:23:9-35
36        android:appComponentFactory="androidx.core.app.CoreComponentFactory"
36-->[androidx.core:core:1.13.1] AndroidManifest.xml:28:18-86
37        android:dataExtractionRules="@xml/data_extraction_rules"
37-->src\main\AndroidManifest.xml:24:9-65
38        android:debuggable="true"
39        android:extractNativeLibs="false"
40        android:fullBackupContent="@xml/backup_rules"
40-->src\main\AndroidManifest.xml:25:9-54
41        android:icon="@mipmap/ic_launcher"
41-->src\main\AndroidManifest.xml:26:9-43
42        android:label="@string/app_name"
42-->src\main\AndroidManifest.xml:27:9-41
43        android:roundIcon="@mipmap/ic_launcher_round"
43-->src\main\AndroidManifest.xml:28:9-54
44        android:supportsRtl="true"
44-->src\main\AndroidManifest.xml:29:9-35
45        android:theme="@style/Theme.Lyro" >
45-->src\main\AndroidManifest.xml:30:9-42
46        <activity
46-->src\main\AndroidManifest.xml:33:9-44:20
47            android:name="com.lyro.app.MainActivity"
47-->src\main\AndroidManifest.xml:34:13-41
48            android:exported="true"
48-->src\main\AndroidManifest.xml:35:13-36
49            android:label="@string/app_name"
49-->src\main\AndroidManifest.xml:36:13-45
50            android:launchMode="singleTop"
50-->src\main\AndroidManifest.xml:37:13-43
51            android:theme="@style/Theme.Lyro"
51-->src\main\AndroidManifest.xml:38:13-46
52            android:windowSoftInputMode="adjustResize" >
52-->src\main\AndroidManifest.xml:39:13-55
53            <intent-filter>
53-->src\main\AndroidManifest.xml:40:13-43:29
54                <action android:name="android.intent.action.MAIN" />
54-->src\main\AndroidManifest.xml:41:17-69
54-->src\main\AndroidManifest.xml:41:25-66
55
56                <category android:name="android.intent.category.LAUNCHER" />
56-->src\main\AndroidManifest.xml:42:17-77
56-->src\main\AndroidManifest.xml:42:27-74
57            </intent-filter>
58        </activity>
59
60        <!-- MediaSession Foreground Playback Service -->
61        <service
61-->src\main\AndroidManifest.xml:47:9-55:19
62            android:name="com.lyro.app.service.LyroMediaService"
62-->src\main\AndroidManifest.xml:48:13-53
63            android:exported="true"
63-->src\main\AndroidManifest.xml:49:13-36
64            android:foregroundServiceType="mediaPlayback" >
64-->src\main\AndroidManifest.xml:50:13-58
65            <intent-filter>
65-->src\main\AndroidManifest.xml:51:13-54:29
66                <action android:name="androidx.media3.session.MediaSessionService" />
66-->src\main\AndroidManifest.xml:52:17-86
66-->src\main\AndroidManifest.xml:52:25-83
67                <action android:name="android.media.browse.MediaBrowserService" />
67-->src\main\AndroidManifest.xml:53:17-83
67-->src\main\AndroidManifest.xml:53:25-80
68            </intent-filter>
69        </service>
70
71        <activity
71-->[androidx.compose.ui:ui-test-manifest:1.6.8] AndroidManifest.xml:23:9-25:39
72            android:name="androidx.activity.ComponentActivity"
72-->[androidx.compose.ui:ui-test-manifest:1.6.8] AndroidManifest.xml:24:13-63
73            android:exported="true" />
73-->[androidx.compose.ui:ui-test-manifest:1.6.8] AndroidManifest.xml:25:13-36
74        <activity
74-->[androidx.compose.ui:ui-tooling-android:1.6.8] AndroidManifest.xml:23:9-25:39
75            android:name="androidx.compose.ui.tooling.PreviewActivity"
75-->[androidx.compose.ui:ui-tooling-android:1.6.8] AndroidManifest.xml:24:13-71
76            android:exported="true" />
76-->[androidx.compose.ui:ui-tooling-android:1.6.8] AndroidManifest.xml:25:13-36
77
78        <provider
78-->[androidx.emoji2:emoji2:1.3.0] AndroidManifest.xml:24:9-32:20
79            android:name="androidx.startup.InitializationProvider"
79-->[androidx.emoji2:emoji2:1.3.0] AndroidManifest.xml:25:13-67
80            android:authorities="com.lyro.app.androidx-startup"
80-->[androidx.emoji2:emoji2:1.3.0] AndroidManifest.xml:26:13-68
81            android:exported="false" >
81-->[androidx.emoji2:emoji2:1.3.0] AndroidManifest.xml:27:13-37
82            <meta-data
82-->[androidx.emoji2:emoji2:1.3.0] AndroidManifest.xml:29:13-31:52
83                android:name="androidx.emoji2.text.EmojiCompatInitializer"
83-->[androidx.emoji2:emoji2:1.3.0] AndroidManifest.xml:30:17-75
84                android:value="androidx.startup" />
84-->[androidx.emoji2:emoji2:1.3.0] AndroidManifest.xml:31:17-49
85            <meta-data
85-->[androidx.lifecycle:lifecycle-process:2.8.4] AndroidManifest.xml:29:13-31:52
86                android:name="androidx.lifecycle.ProcessLifecycleInitializer"
86-->[androidx.lifecycle:lifecycle-process:2.8.4] AndroidManifest.xml:30:17-78
87                android:value="androidx.startup" />
87-->[androidx.lifecycle:lifecycle-process:2.8.4] AndroidManifest.xml:31:17-49
88            <meta-data
88-->[androidx.profileinstaller:profileinstaller:1.3.1] AndroidManifest.xml:29:13-31:52
89                android:name="androidx.profileinstaller.ProfileInstallerInitializer"
89-->[androidx.profileinstaller:profileinstaller:1.3.1] AndroidManifest.xml:30:17-85
90                android:value="androidx.startup" />
90-->[androidx.profileinstaller:profileinstaller:1.3.1] AndroidManifest.xml:31:17-49
91        </provider>
92
93        <receiver
93-->[androidx.profileinstaller:profileinstaller:1.3.1] AndroidManifest.xml:34:9-52:20
94            android:name="androidx.profileinstaller.ProfileInstallReceiver"
94-->[androidx.profileinstaller:profileinstaller:1.3.1] AndroidManifest.xml:35:13-76
95            android:directBootAware="false"
95-->[androidx.profileinstaller:profileinstaller:1.3.1] AndroidManifest.xml:36:13-44
96            android:enabled="true"
96-->[androidx.profileinstaller:profileinstaller:1.3.1] AndroidManifest.xml:37:13-35
97            android:exported="true"
97-->[androidx.profileinstaller:profileinstaller:1.3.1] AndroidManifest.xml:38:13-36
98            android:permission="android.permission.DUMP" >
98-->[androidx.profileinstaller:profileinstaller:1.3.1] AndroidManifest.xml:39:13-57
99            <intent-filter>
99-->[androidx.profileinstaller:profileinstaller:1.3.1] AndroidManifest.xml:40:13-42:29
100                <action android:name="androidx.profileinstaller.action.INSTALL_PROFILE" />
100-->[androidx.profileinstaller:profileinstaller:1.3.1] AndroidManifest.xml:41:17-91
100-->[androidx.profileinstaller:profileinstaller:1.3.1] AndroidManifest.xml:41:25-88
101            </intent-filter>
102            <intent-filter>
102-->[androidx.profileinstaller:profileinstaller:1.3.1] AndroidManifest.xml:43:13-45:29
103                <action android:name="androidx.profileinstaller.action.SKIP_FILE" />
103-->[androidx.profileinstaller:profileinstaller:1.3.1] AndroidManifest.xml:44:17-85
103-->[androidx.profileinstaller:profileinstaller:1.3.1] AndroidManifest.xml:44:25-82
104            </intent-filter>
105            <intent-filter>
105-->[androidx.profileinstaller:profileinstaller:1.3.1] AndroidManifest.xml:46:13-48:29
106                <action android:name="androidx.profileinstaller.action.SAVE_PROFILE" />
106-->[androidx.profileinstaller:profileinstaller:1.3.1] AndroidManifest.xml:47:17-88
106-->[androidx.profileinstaller:profileinstaller:1.3.1] AndroidManifest.xml:47:25-85
107            </intent-filter>
108            <intent-filter>
108-->[androidx.profileinstaller:profileinstaller:1.3.1] AndroidManifest.xml:49:13-51:29
109                <action android:name="androidx.profileinstaller.action.BENCHMARK_OPERATION" />
109-->[androidx.profileinstaller:profileinstaller:1.3.1] AndroidManifest.xml:50:17-95
109-->[androidx.profileinstaller:profileinstaller:1.3.1] AndroidManifest.xml:50:25-92
110            </intent-filter>
111        </receiver>
112    </application>
113
114</manifest>